<?xml version="1.0" encoding="UTF-8"?>
<!-- Generated by org.testng.reporters.JUnitXMLReporter -->
<testsuite ignored="0" hostname="91KRMH3" failures="0" tests="7" name="POS Test - User1" time="445.205" errors="0" timestamp="2026-03-12T12:35:42 EDT">
  <testcase classname="Testcases.Transaction1" name="validateitemdata" time="62.763"/>
  <testcase classname="Testcases.Transaction1" name="loginAndCheckoutFlow" time="46.199"/>
  <testcase classname="Testcases.Transaction1" name="verifyTransactionOrderNumber" time="11.933"/>
  <testcase classname="Testcases.Return" name="verifyReturnFlow" time="69.857"/>
  <testcase classname="Testcases.Exchanges" name="EqualExchanges" time="90.556"/>
  <testcase classname="Testcases.Exchanges" name="PositiveExchanges" time="79.515"/>
  <testcase classname="Testcases.Exchanges" name="NegativeExchanges" time="77.916"/>
</testsuite> <!-- POS Test - User1 -->
